#-----------------------------------------------------------
# Vivado v2018.2 (64-bit)
# SW Build 2258646 on Thu Jun 14 20:03:12 MDT 2018
# IP Build 2256618 on Thu Jun 14 22:10:49 MDT 2018
# Start of session at: Sat Oct 27 15:05:28 2018
# Process ID: 8812
# Current directory: G:/Counter
# Command line: vivado.exe -gui_launcher_event rodinguilauncherevent11560 G:\Counter\Counter.xpr
# Log file: G:/Counter/vivado.log
# Journal file: G:/Counter\vivado.jou
#-----------------------------------------------------------
start_gui
open_project G:/Counter/Counter.xpr
Scanning sources...
Finished scanning sources
INFO: [IP_Flow 19-234] Refreshing IP repositories
INFO: [IP_Flow 19-1704] No user IP repositories specified
INFO: [IP_Flow 19-2313] Loaded Vivado IP repository 'C:/DigiXilinx/Vivado/2018.2/data/ip'.
open_project: Time (s): cpu = 00:00:17 ; elapsed = 00:00:24 . Memory (MB): peak = 789.348 ; gain = 76.762
update_compile_order -fileset sources_1
exit
INFO: [Common 17-206] Exiting Vivado at Sat Oct 27 15:07:25 2018...
