#-----------------------------------------------------------
# Vivado v2018.2 (64-bit)
# SW Build 2258646 on Thu Jun 14 20:03:12 MDT 2018
# IP Build 2256618 on Thu Jun 14 22:10:49 MDT 2018
# Start of session at: Wed Oct 24 10:42:46 2018
# Process ID: 15608
# Current directory: G:/Counter
# Command line: vivado.exe -gui_launcher_event rodinguilauncherevent11756 G:\Counter\Counter.xpr
# Log file: G:/Counter/vivado.log
# Journal file: G:/Counter\vivado.jou
#-----------------------------------------------------------
start_gui
open_project G:/Counter/Counter.xpr
INFO: [Project 1-313] Project file moved from 'C:/Users/toadem/Counter' since last save.
Scanning sources...
Finished scanning sources
INFO: [IP_Flow 19-234] Refreshing IP repositories
INFO: [IP_Flow 19-1704] No user IP repositories specified
INFO: [IP_Flow 19-2313] Loaded Vivado IP repository 'C:/DigiXilinx/Vivado/2018.2/data/ip'.
open_project: Time (s): cpu = 00:00:21 ; elapsed = 00:00:35 . Memory (MB): peak = 822.738 ; gain = 108.973
update_compile_order -fileset sources_1
